<?xml version="1.0" encoding="UTF-8"?>
<!-- Generated by org.testng.reporters.JUnitReportReporter -->
<testsuite hostname="LAPTOP-SGM82G62" failures="0" tests="1" name="Authentications.BearerToken" time="4.203" errors="0" timestamp="2022-09-28T15:19:27 IST" skipped="0">
  <testcase classname="Authentications.BearerToken" name="bearerToken" time="4.203"/>
  <system-out/>
</testsuite> <!-- Authentications.BearerToken -->
