<?xml version="1.0" encoding="UTF-8"?>
<!-- Generated by org.testng.reporters.JUnitReportReporter -->
<testsuite hostname="LAPTOP-SGM82G62" failures="0" tests="1" name="ResponseValidation.StaticResponseValidationGet" time="1.969" errors="0" timestamp="2022-09-27T21:51:00 IST" skipped="0">
  <testcase classname="ResponseValidation.StaticResponseValidationGet" name="staticResponseV" time="1.969"/>
  <system-out/>
</testsuite> <!-- ResponseValidation.StaticResponseValidationGet -->
