<?xml version="1.0" encoding="UTF-8"?>
<!-- Generated by org.testng.reporters.JUnitReportReporter -->
<testsuite hostname="LAPTOP-SGM82G62" failures="0" tests="1" name="bdd.CRUDOperations.CreateProjectBDDTest" time="1.869" errors="0" timestamp="2022-09-25T16:08:46 IST" skipped="0">
  <testcase classname="bdd.CRUDOperations.CreateProjectBDDTest" name="createProject" time="1.869"/>
  <system-out/>
</testsuite> <!-- bdd.CRUDOperations.CreateProjectBDDTest -->
