<?xml version="1.0" encoding="UTF-8"?>
<!-- Generated by org.testng.reporters.JUnitReportReporter -->
<testsuite hostname="LAPTOP-SGM82G62" failures="0" tests="1" name="DifferentWaysToPOST.CreateProjectUsingJSONObject" time="1.785" errors="0" timestamp="2022-09-25T16:09:45 IST" skipped="0">
  <testcase classname="DifferentWaysToPOST.CreateProjectUsingJSONObject" name="createProject" time="1.785"/>
  <system-out/>
</testsuite> <!-- DifferentWaysToPOST.CreateProjectUsingJSONObject -->
