<?xml version="1.0" encoding="UTF-8"?>
<!-- Generated by org.testng.reporters.JUnitReportReporter -->
<testsuite hostname="LAPTOP-SGM82G62" failures="0" tests="1" name="RequestChaining.CreateUpdateGetAndDeleteProject" time="2.462" errors="0" timestamp="2022-09-28T14:07:28 IST" skipped="0">
  <testcase classname="RequestChaining.CreateUpdateGetAndDeleteProject" name="createUpdateGetAndDeleteProj" time="2.462"/>
  <system-out/>
</testsuite> <!-- RequestChaining.CreateUpdateGetAndDeleteProject -->
