<?xml version="1.0" encoding="UTF-8"?>
<!-- Generated by org.testng.reporters.JUnitReportReporter -->
<testsuite hostname="LAPTOP-SGM82G62" failures="0" tests="1" name="DifferentWaysToPOST.CreateProjectUsingPOJOClass" time="1.763" errors="0" timestamp="2022-09-25T16:31:13 IST" skipped="0">
  <testcase classname="DifferentWaysToPOST.CreateProjectUsingPOJOClass" name="createProject" time="1.763"/>
  <system-out/>
</testsuite> <!-- DifferentWaysToPOST.CreateProjectUsingPOJOClass -->
