<?xml version="1.0" encoding="UTF-8"?>
<!-- Generated by org.testng.reporters.JUnitReportReporter -->
<testsuite hostname="LAPTOP-SGM82G62" failures="0" tests="1" name="RequestChaining.CreateProjectGetAndDelete" time="1.880" errors="0" timestamp="2022-09-28T13:07:17 IST" skipped="0">
  <testcase classname="RequestChaining.CreateProjectGetAndDelete" name="createProjectGetAndDelete" time="1.880"/>
  <system-out/>
</testsuite> <!-- RequestChaining.CreateProjectGetAndDelete -->
