<?xml version="1.0" encoding="UTF-8"?>
<!-- Generated by org.testng.reporters.JUnitReportReporter -->
<testsuite hostname="LAPTOP-SGM82G62" failures="0" tests="1" name="Authentications.ouath2Authentication" time="2.572" errors="0" timestamp="2022-09-29T10:58:55 IST" skipped="0">
  <testcase classname="Authentications.ouath2Authentication" name="oauth2Auth" time="2.572"/>
  <system-out/>
</testsuite> <!-- Authentications.ouath2Authentication -->
