<?xml version="1.0" encoding="UTF-8"?>
<!-- Generated by org.testng.reporters.JUnitReportReporter -->
<testsuite hostname="LAPTOP-SGM82G62" failures="0" tests="1" name="SerializationDeserialization.DeserializationUsingArray" time="0.196" errors="0" timestamp="2022-09-21T15:53:54 IST" skipped="0">
  <testcase classname="SerializationDeserialization.DeserializationUsingArray" name="deserializationTest" time="0.196"/>
  <system-out/>
</testsuite> <!-- SerializationDeserialization.DeserializationUsingArray -->
