<?xml version="1.0" encoding="UTF-8"?>
<!-- Generated by org.testng.reporters.JUnitReportReporter -->
<testsuite hostname="LAPTOP-SGM82G62" failures="0" tests="1" name="Parameters.QueryParameter" time="2.666" errors="0" timestamp="2022-09-28T12:04:20 IST" skipped="0">
  <testcase classname="Parameters.QueryParameter" name="pathParameter" time="2.666"/>
  <system-out/>
</testsuite> <!-- Parameters.QueryParameter -->
