<?xml version="1.0" encoding="UTF-8"?>
<!-- Generated by org.testng.reporters.JUnitReportReporter -->
<testsuite hostname="LAPTOP-SGM82G62" failures="0" tests="1" name="SerializationDeserialization.Serialization" time="0.171" errors="0" timestamp="2022-09-20T16:53:53 IST" skipped="0">
  <testcase classname="SerializationDeserialization.Serialization" name="serializationTest" time="0.171"/>
  <system-out/>
</testsuite> <!-- SerializationDeserialization.Serialization -->
