<?xml version="1.0" encoding="UTF-8"?>
<!-- Generated by org.testng.reporters.JUnitReportReporter -->
<testsuite hostname="LAPTOP-SGM82G62" failures="0" tests="1" name="SerializationDeserialization.DesrializationUsingObject" time="0.215" errors="0" timestamp="2022-09-21T16:22:11 IST" skipped="0">
  <testcase classname="SerializationDeserialization.DesrializationUsingObject" name="deserializationTest" time="0.215"/>
  <system-out/>
</testsuite> <!-- SerializationDeserialization.DesrializationUsingObject -->
