<?xml version="1.0" encoding="UTF-8"?>
<!-- Generated by org.testng.reporters.JUnitReportReporter -->
<testsuite hostname="LAPTOP-SGM82G62" failures="0" tests="1" name="basicCRUDOperation.GetAllProjectTest" time="1.426" errors="0" timestamp="2022-09-23T11:49:03 IST" skipped="0">
  <testcase classname="basicCRUDOperation.GetAllProjectTest" name="getAllProjects" time="1.426"/>
  <system-out/>
</testsuite> <!-- basicCRUDOperation.GetAllProjectTest -->
