<?xml version="1.0" encoding="UTF-8"?>
<!-- Generated by org.testng.reporters.JUnitReportReporter -->
<testsuite hostname="LAPTOP-SGM82G62" failures="0" tests="10" name="DataDriven_DataProvider.CreateMultipleProjectWithDifData" time="2.203" errors="0" timestamp="2022-09-28T01:17:49 IST" skipped="0">
  <testcase classname="DataDriven_DataProvider.CreateMultipleProjectWithDifData" name="createProjectWithDiffData" time="0.018"/>
  <system-out/>
  <testcase classname="DataDriven_DataProvider.CreateMultipleProjectWithDifData" name="createProjectWithDiffData" time="0.028"/>
  <system-out/>
  <testcase classname="DataDriven_DataProvider.CreateMultipleProjectWithDifData" name="createProjectWithDiffData" time="0.030"/>
  <system-out/>
  <testcase classname="DataDriven_DataProvider.CreateMultipleProjectWithDifData" name="createProjectWithDiffData" time="0.021"/>
  <system-out/>
  <testcase classname="DataDriven_DataProvider.CreateMultipleProjectWithDifData" name="createProjectWithDiffData" time="1.947"/>
  <system-out/>
  <testcase classname="DataDriven_DataProvider.CreateMultipleProjectWithDifData" name="createProjectWithDiffData" time="0.021"/>
  <system-out/>
  <testcase classname="DataDriven_DataProvider.CreateMultipleProjectWithDifData" name="createProjectWithDiffData" time="0.028"/>
  <system-out/>
  <testcase classname="DataDriven_DataProvider.CreateMultipleProjectWithDifData" name="createProjectWithDiffData" time="0.031"/>
  <system-out/>
  <testcase classname="DataDriven_DataProvider.CreateMultipleProjectWithDifData" name="createProjectWithDiffData" time="0.023"/>
  <system-out/>
  <testcase classname="DataDriven_DataProvider.CreateMultipleProjectWithDifData" name="createProjectWithDiffData" time="0.056"/>
  <system-out/>
</testsuite> <!-- DataDriven_DataProvider.CreateMultipleProjectWithDifData -->
