<?xml version="1.0" encoding="UTF-8"?>
<!-- Generated by org.testng.reporters.JUnitReportReporter -->
<testsuite hostname="LAPTOP-SGM82G62" failures="0" tests="1" name="Authentications.BasicAuth" time="1.948" errors="0" timestamp="2022-09-28T15:25:41 IST" skipped="0">
  <testcase classname="Authentications.BasicAuth" name="digestiveAuthentication" time="1.948"/>
  <system-out/>
</testsuite> <!-- Authentications.BasicAuth -->
