<?xml version="1.0" encoding="UTF-8"?>
<!-- Generated by org.testng.reporters.JUnitReportReporter -->
<testsuite hostname="LAPTOP-SGM82G62" failures="0" tests="1" name="RequestChaining.CreateProjectAndGet" time="2.340" errors="0" timestamp="2022-09-28T13:32:56 IST" skipped="0">
  <testcase classname="RequestChaining.CreateProjectAndGet" name="createAndGet" time="2.340"/>
  <system-out/>
</testsuite> <!-- RequestChaining.CreateProjectAndGet -->
