<?xml version="1.0" encoding="UTF-8"?>
<!-- Generated by org.testng.reporters.JUnitReportReporter -->
<testsuite hostname="LAPTOP-SGM82G62" failures="0" tests="1" name="basicCRUDOperation.Demo" time="1.725" errors="0" timestamp="2022-09-23T12:06:11 IST" skipped="0">
  <testcase classname="basicCRUDOperation.Demo" name="createproject" time="1.725"/>
  <system-out/>
</testsuite> <!-- basicCRUDOperation.Demo -->
