<?xml version="1.0" encoding="UTF-8"?>
<!-- Generated by org.testng.reporters.JUnitReportReporter -->
<testsuite hostname="LAPTOP-SGM82G62" failures="0" tests="1" name="ResponseValidation.DynamicResponseValidation" time="1.926" errors="0" timestamp="2022-09-27T17:12:36 IST" skipped="0">
  <testcase classname="ResponseValidation.DynamicResponseValidation" name="dynamicResponseV" time="1.926"/>
  <system-out/>
</testsuite> <!-- ResponseValidation.DynamicResponseValidation -->
