<?xml version="1.0" encoding="UTF-8"?>
<!-- Generated by org.testng.reporters.JUnitReportReporter -->
<testsuite hostname="LAPTOP-SGM82G62" failures="0" tests="1" name="Parameters.PathParameterTest" time="1.525" errors="0" timestamp="2022-09-28T12:01:13 IST" skipped="0">
  <testcase classname="Parameters.PathParameterTest" name="pathParameter" time="1.525"/>
  <system-out/>
</testsuite> <!-- Parameters.PathParameterTest -->
