<?xml version="1.0" encoding="UTF-8"?>
<!-- Generated by org.testng.reporters.JUnitReportReporter -->
<testsuite hostname="LAPTOP-SGM82G62" failures="0" tests="1" name="SerializationDeserialization.Deserialization" time="0.170" errors="0" timestamp="2022-09-20T16:45:50 IST" skipped="0">
  <testcase classname="SerializationDeserialization.Deserialization" name="deserializationTest" time="0.170"/>
  <system-out/>
</testsuite> <!-- SerializationDeserialization.Deserialization -->
