<?xml version="1.0" encoding="UTF-8"?>
<!-- Generated by org.testng.reporters.JUnitReportReporter -->
<testsuite hostname="LAPTOP-SGM82G62" failures="0" tests="1" name="ResponseValidation.staticResponseValidationPOST" time="2.622" errors="0" timestamp="2022-09-27T16:58:32 IST" skipped="0">
  <testcase classname="ResponseValidation.staticResponseValidationPOST" name="createProjectResponseV" time="2.622"/>
  <system-out/>
</testsuite> <!-- ResponseValidation.staticResponseValidationPOST -->
