<?xml version="1.0" encoding="UTF-8"?>
<!-- Generated by org.testng.reporters.JUnitReportReporter -->
<testsuite hostname="LAPTOP-SGM82G62" failures="0" tests="1" name="basicCRUDOperation.DeleteProjectTest" time="1.444" errors="0" timestamp="2022-09-23T12:17:17 IST" skipped="0">
  <testcase classname="basicCRUDOperation.DeleteProjectTest" name="deleteProject" time="1.444"/>
  <system-out/>
</testsuite> <!-- basicCRUDOperation.DeleteProjectTest -->
