<?xml version="1.0" encoding="UTF-8"?>
<!-- Generated by org.testng.reporters.JUnitReportReporter -->
<testsuite hostname="LAPTOP-SGM82G62" failures="0" tests="1" name="basicCRUDOperation.CreateProjectTest" time="1.538" errors="0" timestamp="2022-09-22T16:54:52 IST" skipped="0">
  <testcase classname="basicCRUDOperation.CreateProjectTest" name="createProjectTest" time="1.538"/>
  <system-out/>
</testsuite> <!-- basicCRUDOperation.CreateProjectTest -->
