<?xml version="1.0" encoding="UTF-8"?>
<!-- Generated by org.testng.reporters.JUnitReportReporter -->
<testsuite hostname="LAPTOP-SGM82G62" failures="0" tests="1" name="SerializationDeserialization.SerializationUsingObject" time="0.198" errors="0" timestamp="2022-09-21T16:19:12 IST" skipped="0">
  <testcase classname="SerializationDeserialization.SerializationUsingObject" name="SerializationUsingObjectTest" time="0.198"/>
  <system-out/>
</testsuite> <!-- SerializationDeserialization.SerializationUsingObject -->
