<?xml version="1.0" encoding="UTF-8"?>
<!-- Generated by org.testng.reporters.JUnitReportReporter -->
<testsuite hostname="LAPTOP-SGM82G62" failures="0" tests="1" name="DifferentWaysToPOST.CreateProjectUsingJsonFile" time="1.568" errors="0" timestamp="2022-09-25T16:23:18 IST" skipped="0">
  <testcase classname="DifferentWaysToPOST.CreateProjectUsingJsonFile" name="createProject" time="1.568"/>
  <system-out/>
</testsuite> <!-- DifferentWaysToPOST.CreateProjectUsingJsonFile -->
