<?xml version="1.0" encoding="UTF-8"?>
<!-- Generated by org.testng.reporters.JUnitReportReporter -->
<testsuite hostname="LAPTOP-SGM82G62" failures="0" tests="1" name="bdd.CRUDOperations.DeleteOperationUsingBdd" time="1.569" errors="0" timestamp="2022-09-28T01:27:39 IST" skipped="0">
  <testcase classname="bdd.CRUDOperations.DeleteOperationUsingBdd" name="deleteProjectUsingBdd" time="1.569"/>
  <system-out/>
</testsuite> <!-- bdd.CRUDOperations.DeleteOperationUsingBdd -->
