<?xml version="1.0" encoding="UTF-8"?>
<!-- Generated by org.testng.reporters.JUnitReportReporter -->
<testsuite hostname="LAPTOP-SGM82G62" failures="0" tests="1" name="DifferentWaysToPOST.CreateProjectUsingHashMap" time="1.733" errors="0" timestamp="2022-09-25T16:13:44 IST" skipped="0">
  <testcase classname="DifferentWaysToPOST.CreateProjectUsingHashMap" name="createProject" time="1.733"/>
  <system-out/>
</testsuite> <!-- DifferentWaysToPOST.CreateProjectUsingHashMap -->
