<?xml version="1.0" encoding="UTF-8"?>
<!-- Generated by org.testng.reporters.JUnitReportReporter -->
<testsuite hostname="LAPTOP-SGM82G62" failures="0" tests="1" name="basicCRUDOperation.UpdateProjectTest" time="1.691" errors="0" timestamp="2022-09-23T12:16:16 IST" skipped="0">
  <testcase classname="basicCRUDOperation.UpdateProjectTest" name="updateProject" time="1.691"/>
  <system-out/>
</testsuite> <!-- basicCRUDOperation.UpdateProjectTest -->
