<?xml version="1.0" encoding="UTF-8"?>
<!-- Generated by org.testng.reporters.JUnitReportReporter -->
<testsuite hostname="LAPTOP-SGM82G62" failures="0" tests="1" name="Parameters.FormParameter" time="1.652" errors="0" timestamp="2022-09-28T12:09:38 IST" skipped="0">
  <testcase classname="Parameters.FormParameter" name="pathParameter" time="1.652"/>
  <system-out/>
</testsuite> <!-- Parameters.FormParameter -->
