<?xml version="1.0" encoding="UTF-8"?>
<!-- Generated by org.testng.reporters.JUnitReportReporter -->
<testsuite hostname="LAPTOP-SGM82G62" failures="0" tests="1" name="SerializationDeserialization.SerializationUsingArray" time="0.190" errors="0" timestamp="2022-09-21T16:18:54 IST" skipped="0">
  <testcase classname="SerializationDeserialization.SerializationUsingArray" name="serializationTest" time="0.190"/>
  <system-out/>
</testsuite> <!-- SerializationDeserialization.SerializationUsingArray -->
