<?xml version="1.0" encoding="UTF-8"?>
<!-- Generated by org.testng.reporters.JUnitReportReporter -->
<testsuite hostname="LAPTOP-SGM82G62" failures="0" tests="1" name="bdd.CRUDOperations.UpdateProjectBddTest" time="1.800" errors="0" timestamp="2022-09-28T01:21:05 IST" skipped="0">
  <testcase classname="bdd.CRUDOperations.UpdateProjectBddTest" name="updateProject" time="1.800"/>
  <system-out/>
</testsuite> <!-- bdd.CRUDOperations.UpdateProjectBddTest -->
