<?xml version="1.0" encoding="UTF-8"?>
<!-- Generated by org.testng.reporters.JUnitReportReporter -->
<testsuite hostname="LAPTOP-SGM82G62" failures="0" tests="1" name="bdd.CRUDOperations.GetAllProjectsTest" time="1.528" errors="0" timestamp="2022-09-25T16:04:44 IST" skipped="0">
  <testcase classname="bdd.CRUDOperations.GetAllProjectsTest" name="getAllProject" time="1.528"/>
  <system-out/>
</testsuite> <!-- bdd.CRUDOperations.GetAllProjectsTest -->
